<?xml version="1.0" encoding="UTF-8"?>
<testng-results ignored="0" total="2" passed="2" failed="0" skipped="0">
  <reporter-output>
  </reporter-output>
  <suite started-at="2024-03-16T04:16:52 GMT-07:00" name="Suite" finished-at="2024-03-16T04:17:02 GMT-07:00" duration-ms="9580">
    <groups>
    </groups>
    <test started-at="2024-03-16T04:16:52 GMT-07:00" name="Test" finished-at="2024-03-16T04:17:02 GMT-07:00" duration-ms="9580">
      <class name="Seleleniumproject.Standalonetest">
        <test-method is-config="true" signature="setUp()[pri:0, instance:Seleleniumproject.Standalonetest@8dbdac1]" started-at="2024-03-16T04:16:52 GMT-07:00" name="setUp" finished-at="2024-03-16T04:16:54 GMT-07:00" duration-ms="1767" status="PASS">
          <reporter-output>
          </reporter-output>
        </test-method> <!-- setUp -->
        <test-method signature="signIn()[pri:0, instance:Seleleniumproject.Standalonetest@8dbdac1]" started-at="2024-03-16T04:16:54 GMT-07:00" name="signIn" finished-at="2024-03-16T04:17:02 GMT-07:00" duration-ms="7692" status="PASS">
          <reporter-output>
          </reporter-output>
        </test-method> <!-- signIn -->
        <test-method signature="subscribe()[pri:1, instance:Seleleniumproject.Standalonetest@8dbdac1]" started-at="2024-03-16T04:17:02 GMT-07:00" name="subscribe" finished-at="2024-03-16T04:17:02 GMT-07:00" duration-ms="102" status="PASS">
          <reporter-output>
          </reporter-output>
        </test-method> <!-- subscribe -->
      </class> <!-- Seleleniumproject.Standalonetest -->
    </test> <!-- Test -->
  </suite> <!-- Suite -->
</testng-results>
