<?xml version="1.0" encoding="UTF-8"?>
<testng-results ignored="0" total="2" passed="2" failed="0" skipped="0">
  <reporter-output>
  </reporter-output>
  <suite started-at="2024-03-16T03:54:30 GMT-07:00" name="Suite" finished-at="2024-03-16T03:54:38 GMT-07:00" duration-ms="8203">
    <groups>
    </groups>
    <test started-at="2024-03-16T03:54:30 GMT-07:00" name="Test" finished-at="2024-03-16T03:54:38 GMT-07:00" duration-ms="8203">
      <class name="Seleleniumproject.Standalonetest">
        <test-method is-config="true" signature="setUp()[pri:0, instance:Seleleniumproject.Standalonetest@6e6f2380]" started-at="2024-03-16T03:54:30 GMT-07:00" name="setUp" finished-at="2024-03-16T03:54:31 GMT-07:00" duration-ms="1443" status="PASS">
          <reporter-output>
          </reporter-output>
        </test-method> <!-- setUp -->
        <test-method signature="signIn()[pri:0, instance:Seleleniumproject.Standalonetest@6e6f2380]" started-at="2024-03-16T03:54:31 GMT-07:00" name="signIn" finished-at="2024-03-16T03:54:38 GMT-07:00" duration-ms="6602" status="PASS">
          <reporter-output>
          </reporter-output>
        </test-method> <!-- signIn -->
        <test-method signature="subscribe()[pri:1, instance:Seleleniumproject.Standalonetest@6e6f2380]" started-at="2024-03-16T03:54:38 GMT-07:00" name="subscribe" finished-at="2024-03-16T03:54:38 GMT-07:00" duration-ms="108" status="PASS">
          <reporter-output>
          </reporter-output>
        </test-method> <!-- subscribe -->
      </class> <!-- Seleleniumproject.Standalonetest -->
    </test> <!-- Test -->
  </suite> <!-- Suite -->
</testng-results>
